<?xml version="1.0" encoding="UTF-8"?>
<!-- Generated by org.testng.reporters.JUnitReportReporter -->
<testsuite hostname="Shivi" failures="0" tests="6" name="bottle.Store_Pet" time="13.797" errors="0" timestamp="2024-07-22T03:56:01 IST" skipped="5">
  <testcase classname="bottle.Store_Pet" name="createWithlist" time="13.797"/>
  <system-out/>
  <testcase classname="bottle.Store_Pet" name="UpdatedUser">
    <skipped/>
  </testcase> <!-- UpdatedUser -->
  <system-out/>
  <testcase classname="bottle.Store_Pet" name="delete">
    <skipped/>
  </testcase> <!-- delete -->
  <system-out/>
  <testcase classname="bottle.Store_Pet" name="loginUser">
    <skipped/>
  </testcase> <!-- loginUser -->
  <system-out/>
  <testcase classname="bottle.Store_Pet" name="login">
    <skipped/>
  </testcase> <!-- login -->
  <system-out/>
  <testcase classname="bottle.Store_Pet" name="logoutUser">
    <skipped/>
  </testcase> <!-- logoutUser -->
  <system-out/>
</testsuite> <!-- bottle.Store_Pet -->
